<?xml version="1.0" encoding="UTF-8"?>
<!-- Generated by org.testng.reporters.JUnitReportReporter -->
<testsuite hostname="DESKTOP-108LP4U" failures="0" tests="1" name="utils.ExcelUtils" time="0.351" errors="0" timestamp="2024-11-02T23:05:53 IST" skipped="0">
  <testcase classname="utils.ExcelUtils" name="getRowCount" time="0.351"/>
</testsuite> <!-- utils.ExcelUtils -->
