<?xml version="1.0" encoding="UTF-8"?>
<!-- Generated by org.testng.reporters.JUnitReportReporter -->
<testsuite hostname="DESKTOP-108LP4U" failures="0" tests="1" name="SeleniumFrameworks.TestNGDemo1" time="0.006" errors="0" timestamp="2024-11-02T02:13:34 IST" skipped="0">
  <testcase classname="SeleniumFrameworks.TestNGDemo1" name="test" time="0.006"/>
</testsuite> <!-- SeleniumFrameworks.TestNGDemo1 -->
