<?xml version="1.0" encoding="UTF-8"?>
<!-- Generated by org.testng.reporters.JUnitReportReporter -->
<testsuite hostname="DESKTOP-108LP4U" failures="0" tests="2" name="tests.HomePageTest" time="30.660" errors="0" timestamp="2024-11-12T03:26:12 IST" skipped="0">
  <testcase classname="tests.HomePageTest" name="verifyTitle" time="16.299"/>
  <testcase classname="tests.HomePageTest" name="homePageTest" time="14.361"/>
</testsuite> <!-- tests.HomePageTest -->
