<?xml version="1.0" encoding="UTF-8"?>
<!-- Generated by org.testng.reporters.JUnitReportReporter -->
<testsuite hostname="DESKTOP-108LP4U" failures="0" tests="1" name="tests.LoginTest" time="16.680" errors="0" timestamp="2024-11-12T03:26:12 IST" skipped="0">
  <testcase classname="tests.LoginTest" name="loginToHomePage" time="16.680"/>
</testsuite> <!-- tests.LoginTest -->
