<?xml version="1.0" encoding="UTF-8"?>
<!-- Generated by org.testng.reporters.JUnitReportReporter -->
<testsuite hostname="DESKTOP-108LP4U" failures="0" tests="1" name="tests.TestExcelData" time="0.009" errors="0" timestamp="2024-11-02T23:28:28 IST" skipped="0">
  <testcase classname="tests.TestExcelData" name="getCellData" time="0.009"/>
</testsuite> <!-- tests.TestExcelData -->
